Using pre-set license
Built from '2021.3/staging' branch; Version is '2021.3.6f1 (7da38d85baf6) revision 8233869'; Using compiler version '192829333'; Build Type 'Release'
OS: 'Windows 10  (10.0.19045) 64bit Professional' Language: 'en' Physical Memory: 65164 MB
BatchMode: 1, IsHumanControllingUs: 0, StartBugReporterOnCrash: 0, Is64bit: 1, IsPro: 1

COMMAND LINE ARGUMENTS:
C:\Program Files\Unity\Hub\Editor\2021.3.6f1\Editor\Unity.exe
-adb2
-batchMode
-noUpm
-name
AssetImportWorker1
-projectPath
C:/Users/Ali.Brodeur/Desktop/VIEW/TRAFFIC - Copy
-logFile
Logs/AssetImportWorker1.log
-srvPort
55578
Successfully changed project path to: C:/Users/Ali.Brodeur/Desktop/VIEW/TRAFFIC - Copy
C:/Users/Ali.Brodeur/Desktop/VIEW/TRAFFIC - Copy
[UnityMemory] Configuration Parameters - Can be set up in boot.config
    "memorysetup-bucket-allocator-granularity=16"
    "memorysetup-bucket-allocator-bucket-count=8"
    "memorysetup-bucket-allocator-block-size=33554432"
    "memorysetup-bucket-allocator-block-count=8"
    "memorysetup-main-allocator-block-size=16777216"
    "memorysetup-thread-allocator-block-size=16777216"
    "memorysetup-gfx-main-allocator-block-size=16777216"
    "memorysetup-gfx-thread-allocator-block-size=16777216"
    "memorysetup-cache-allocator-block-size=4194304"
    "memorysetup-typetree-allocator-block-size=2097152"
    "memorysetup-profiler-bucket-allocator-granularity=16"
    "memorysetup-profiler-bucket-allocator-bucket-count=8"
    "memorysetup-profiler-bucket-allocator-block-size=33554432"
    "memorysetup-profiler-bucket-allocator-block-count=8"
    "memorysetup-profiler-allocator-block-size=16777216"
    "memorysetup-profiler-editor-allocator-block-size=1048576"
    "memorysetup-temp-allocator-size-main=16777216"
    "memorysetup-job-temp-allocator-block-size=2097152"
    "memorysetup-job-temp-allocator-block-size-background=1048576"
    "memorysetup-job-temp-allocator-reduction-small-platforms=262144"
    "memorysetup-temp-allocator-size-background-worker=32768"
    "memorysetup-temp-allocator-size-job-worker=262144"
    "memorysetup-temp-allocator-size-preload-manager=33554432"
    "memorysetup-temp-allocator-size-nav-mesh-worker=65536"
    "memorysetup-temp-allocator-size-audio-worker=65536"
    "memorysetup-temp-allocator-size-cloud-worker=32768"
    "memorysetup-temp-allocator-size-gi-baking-worker=262144"
    "memorysetup-temp-allocator-size-gfx=262144"
Refreshing native plugins compatible for Editor in 87.04 ms, found 3 plugins.
Preloading 0 native plugins for Editor in 0.00 ms.
Initialize engine version: 2021.3.6f1 (7da38d85baf6)
[Subsystems] Discovering subsystems at path C:/Program Files/Unity/Hub/Editor/2021.3.6f1/Editor/Data/Resources/UnitySubsystems
[Subsystems] Discovering subsystems at path C:/Users/Ali.Brodeur/Desktop/VIEW/TRAFFIC - Copy/Assets
GfxDevice: creating device client; threaded=0; jobified=0
Direct3D:
    Version:  Direct3D 11.0 [level 11.1]
    Renderer: NVIDIA Quadro RTX 5000 (ID=0x1eb5)
    Vendor:   NVIDIA
    VRAM:     16170 MB
    Driver:   27.21.14.6231
Initialize mono
Mono path[0] = 'C:/Program Files/Unity/Hub/Editor/2021.3.6f1/Editor/Data/Managed'
Mono path[1] = 'C:/Program Files/Unity/Hub/Editor/2021.3.6f1/Editor/Data/MonoBleedingEdge/lib/mono/unityjit-win32'
Mono config path = 'C:/Program Files/Unity/Hub/Editor/2021.3.6f1/Editor/Data/MonoBleedingEdge/etc'
Using monoOptions --debugger-agent=transport=dt_socket,embedding=1,server=y,suspend=n,address=127.0.0.1:56660
Begin MonoManager ReloadAssembly
Registering precompiled unity dll's ...
Register platform support module: C:/Program Files/Unity/Hub/Editor/2021.3.6f1/Editor/Data/PlaybackEngines/WindowsStandaloneSupport/UnityEditor.WindowsStandalone.Extensions.dll
Registered in 0.006784 seconds.
Native extension for WindowsStandalone target not found
Refreshing native plugins compatible for Editor in 86.94 ms, found 3 plugins.
Preloading 0 native plugins for Editor in 0.00 ms.
Mono: successfully reloaded assembly
- Completed reload, in  0.557 seconds
Domain Reload Profiling:
	ReloadAssembly (557ms)
		BeginReloadAssembly (63ms)
			ExecutionOrderSort (0ms)
			DisableScriptedObjects (0ms)
			BackupInstance (0ms)
			ReleaseScriptingObjects (0ms)
			CreateAndSetChildDomain (1ms)
		EndReloadAssembly (401ms)
			LoadAssemblies (61ms)
			RebuildTransferFunctionScriptingTraits (0ms)
			SetupTypeCache (88ms)
			ReleaseScriptCaches (0ms)
			RebuildScriptCaches (22ms)
			SetupLoadedEditorAssemblies (249ms)
				LogAssemblyErrors (0ms)
				InitializePlatformSupportModulesInManaged (7ms)
				SetLoadedEditorAssemblies (0ms)
				RefreshPlugins (87ms)
				BeforeProcessingInitializeOnLoad (1ms)
				ProcessInitializeOnLoadAttributes (116ms)
				ProcessInitializeOnLoadMethodAttributes (38ms)
				AfterProcessingInitializeOnLoad (0ms)
				EditorAssembliesLoaded (0ms)
			ExecutionOrderSort2 (0ms)
			AwakeInstancesAfterBackupRestoration (0ms)
Platform modules already initialized, skipping
Registering precompiled user dll's ...
Registered in 0.005499 seconds.
Begin MonoManager ReloadAssembly
Symbol file LoadedFromMemory doesn't match image C:\Users\Ali.Brodeur\Desktop\VIEW\TRAFFIC - Copy\Library\PackageCache\com.unity.visualscripting@1.7.8\Editor\VisualScripting.Core\Dependencies\YamlDotNet\Unity.VisualScripting.YamlDotNet.dll
Symbol file LoadedFromMemory doesn't match image C:\Users\Ali.Brodeur\Desktop\VIEW\TRAFFIC - Copy\Library\PackageCache\com.unity.visualscripting@1.7.8\Editor\VisualScripting.Core\Dependencies\DotNetZip\Unity.VisualScripting.IonicZip.dll
Native extension for WindowsStandalone target not found
Refreshing native plugins compatible for Editor in 86.76 ms, found 3 plugins.
Preloading 0 native plugins for Editor in 0.00 ms.
Mono: successfully reloaded assembly
- Completed reload, in  1.025 seconds
Domain Reload Profiling:
	ReloadAssembly (1026ms)
		BeginReloadAssembly (90ms)
			ExecutionOrderSort (0ms)
			DisableScriptedObjects (4ms)
			BackupInstance (0ms)
			ReleaseScriptingObjects (0ms)
			CreateAndSetChildDomain (15ms)
		EndReloadAssembly (833ms)
			LoadAssemblies (75ms)
			RebuildTransferFunctionScriptingTraits (0ms)
			SetupTypeCache (220ms)
			ReleaseScriptCaches (1ms)
			RebuildScriptCaches (43ms)
			SetupLoadedEditorAssemblies (459ms)
				LogAssemblyErrors (0ms)
				InitializePlatformSupportModulesInManaged (4ms)
				SetLoadedEditorAssemblies (0ms)
				RefreshPlugins (87ms)
				BeforeProcessingInitializeOnLoad (77ms)
				ProcessInitializeOnLoadAttributes (261ms)
				ProcessInitializeOnLoadMethodAttributes (21ms)
				AfterProcessingInitializeOnLoad (8ms)
				EditorAssembliesLoaded (0ms)
			ExecutionOrderSort2 (0ms)
			AwakeInstancesAfterBackupRestoration (6ms)
Platform modules already initialized, skipping
========================================================================
Worker process is ready to serve import requests
Launched and connected shader compiler UnityShaderCompiler.exe after 0.07 seconds
Refreshing native plugins compatible for Editor in 0.78 ms, found 3 plugins.
Preloading 0 native plugins for Editor in 0.00 ms.
Unloading 3652 Unused Serialized files (Serialized files now loaded: 0)
Unloading 48 unused Assets / (1.7 MB). Loaded Objects now: 4132.
Memory consumption went from 155.5 MB to 153.8 MB.
Total: 3.069500 ms (FindLiveObjects: 0.289600 ms CreateObjectMapping: 0.219100 ms MarkObjects: 2.200400 ms  DeleteObjects: 0.359800 ms)

AssetImportParameters requested are different than current active one (requested -> active):
  custom:video-decoder-ogg-theora: a1e56fd34408186e4bbccfd4996cb3dc -> 
  custom:container-muxer-webm: aa71ff27fc2769a1b78a27578f13a17b -> 
  custom:container-demuxer-webm: 4f35f7cbe854078d1ac9338744f61a02 -> 
  custom:video-encoder-webm-vp8: eb34c28f22e8b96e1ab97ce403110664 -> 
  custom:video-codec-MediaFoundation-h265: e54d7ab0439102e2317fc1e4b246158d -> 
  custom:audio-encoder-webm-vorbis: bf7c407c2cedff20999df2af8eb42d56 -> 
  custom:framework-win-MediaFoundation: 216162199b28c13a410421893ffa2e32 -> 
  custom:container-demuxer-ogg: 62fdf1f143b41e24485cea50d1cbac27 -> 
  custom:video-decoder-webm-vp8: 9c59270c3fd7afecdb556c50c9e8de78 -> 
  custom:audio-decoder-ogg-vorbis: bf7c407c2cedff20999df2af8eb42d56 -> 
========================================================================
Received Import Request.
  Time since last request: 16776.541915 seconds.
  path: Assets/Understone/Free Bike Pack/Prefabs
  artifactKey: Guid(8090279d462ed54469314c7e42df5ac3) Importer(815301076,1909f56bfc062723c751e8b465ee728b)
Start importing Assets/Understone/Free Bike Pack/Prefabs using Guid(8090279d462ed54469314c7e42df5ac3) Importer(815301076,1909f56bfc062723c751e8b465ee728b)  -> (artifact id: 'd7300b8d4042a6d6c5abb3aaecdc18bf') in 0.006404 seconds 
========================================================================
Received Import Request.
  Time since last request: 0.000016 seconds.
  path: Assets/Understone/Free Bike Pack/Prefabs/RedLine.prefab
  artifactKey: Guid(0ec61be6c70e866408ea1aa3980ebf3c) Importer(815301076,1909f56bfc062723c751e8b465ee728b)
Start importing Assets/Understone/Free Bike Pack/Prefabs/RedLine.prefab using Guid(0ec61be6c70e866408ea1aa3980ebf3c) Importer(815301076,1909f56bfc062723c751e8b465ee728b)  -> (artifact id: '5db2c9685174b2a2f4bb7aeb12aea0fa') in 0.119499 seconds 
========================================================================
Received Import Request.
  Time since last request: 0.000018 seconds.
  path: Assets/Understone/Free Bike Pack/Prefabs/RampB.prefab
  artifactKey: Guid(0d3ff791a1ebea045808c0a134ebe212) Importer(815301076,1909f56bfc062723c751e8b465ee728b)
Start importing Assets/Understone/Free Bike Pack/Prefabs/RampB.prefab using Guid(0d3ff791a1ebea045808c0a134ebe212) Importer(815301076,1909f56bfc062723c751e8b465ee728b)  -> (artifact id: 'b1bb0b4e41d829c2fa0752e51b00d71e') in 0.011326 seconds 
========================================================================
Received Import Request.
  Time since last request: 146.490473 seconds.
  path: Assets/RoadArchitect/Materials/FedSigns/396/35mphZoneAhead.mat
  artifactKey: Guid(26393d9571cde314f9854742eee387db) Importer(815301076,1909f56bfc062723c751e8b465ee728b)
Start importing Assets/RoadArchitect/Materials/FedSigns/396/35mphZoneAhead.mat using Guid(26393d9571cde314f9854742eee387db) Importer(815301076,1909f56bfc062723c751e8b465ee728b)  -> (artifact id: '12eda03f660578e43c8ddf40624ae0cc') in 0.035008 seconds 
========================================================================
Received Import Request.
  Time since last request: 0.000017 seconds.
  path: Assets/RoadArchitect/Materials/FedSigns/Diamond/General/45SpeedZoneAhead.mat
  artifactKey: Guid(14c4cade995561f438fb85f18b551424) Importer(815301076,1909f56bfc062723c751e8b465ee728b)
Start importing Assets/RoadArchitect/Materials/FedSigns/Diamond/General/45SpeedZoneAhead.mat using Guid(14c4cade995561f438fb85f18b551424) Importer(815301076,1909f56bfc062723c751e8b465ee728b)  -> (artifact id: 'acc58610ae1c1edf10218d882f2a720d') in 0.026922 seconds 
========================================================================
Received Import Request.
  Time since last request: 0.000023 seconds.
  path: Assets/RoadArchitect/Materials/FedSigns/617/182.mat
  artifactKey: Guid(cb93d11926d5acc428729e14c0f8b738) Importer(815301076,1909f56bfc062723c751e8b465ee728b)
Start importing Assets/RoadArchitect/Materials/FedSigns/617/182.mat using Guid(cb93d11926d5acc428729e14c0f8b738) Importer(815301076,1909f56bfc062723c751e8b465ee728b)  -> (artifact id: '90dad3abbda0ebdee1169dd119871e9d') in 0.018303 seconds 
========================================================================
Received Import Request.
  Time since last request: 0.000015 seconds.
  path: Assets/Autos/GR3D 091614SSUV/Mesh/Materials/091614SSUV-wheeltyre.mat
  artifactKey: Guid(be4b23788cf65ec48b71a6239ffb3796) Importer(815301076,1909f56bfc062723c751e8b465ee728b)
Start importing Assets/Autos/GR3D 091614SSUV/Mesh/Materials/091614SSUV-wheeltyre.mat using Guid(be4b23788cf65ec48b71a6239ffb3796) Importer(815301076,1909f56bfc062723c751e8b465ee728b)  -> (artifact id: 'a25be1495fa6eef3c14b2a114d8930f1') in 0.031128 seconds 
========================================================================
Received Import Request.
  Time since last request: 0.000016 seconds.
  path: Assets/Autos/GR3D 091614SSUV/Mesh/Materials/091614SSUV-windows-dark.mat
  artifactKey: Guid(5b6d2c8392ba8624ea877457caaf53de) Importer(815301076,1909f56bfc062723c751e8b465ee728b)
Start importing Assets/Autos/GR3D 091614SSUV/Mesh/Materials/091614SSUV-windows-dark.mat using Guid(5b6d2c8392ba8624ea877457caaf53de) Importer(815301076,1909f56bfc062723c751e8b465ee728b)  -> (artifact id: 'ed41fc23023196358bb82eaed01bbd35') in 0.012069 seconds 
========================================================================
Received Import Request.
  Time since last request: 0.000018 seconds.
  path: Assets/Autos/GR3D 091614SSUV/Mesh/Materials/091614SSUV-mirror.mat
  artifactKey: Guid(a366e082b5864fe4d94d132e77b6ba1d) Importer(815301076,1909f56bfc062723c751e8b465ee728b)
Start importing Assets/Autos/GR3D 091614SSUV/Mesh/Materials/091614SSUV-mirror.mat using Guid(a366e082b5864fe4d94d132e77b6ba1d) Importer(815301076,1909f56bfc062723c751e8b465ee728b)  -> (artifact id: '18c01c64dbd24add7ba64b763ebb0dae') in 0.008205 seconds 
========================================================================
Received Import Request.
  Time since last request: 0.000019 seconds.
  path: Assets/Autos/GR3D 091614SSUV/Mesh/Materials/091614SSUV-windows.mat
  artifactKey: Guid(098f1b8f3af8e0d42bfbd63b3a736e48) Importer(815301076,1909f56bfc062723c751e8b465ee728b)
Start importing Assets/Autos/GR3D 091614SSUV/Mesh/Materials/091614SSUV-windows.mat using Guid(098f1b8f3af8e0d42bfbd63b3a736e48) Importer(815301076,1909f56bfc062723c751e8b465ee728b)  -> (artifact id: 'b0f6f5e5313bb5cbacedf5ec35b646d2') in 0.007729 seconds 
========================================================================
Received Import Request.
  Time since last request: 0.000015 seconds.
  path: Assets/Autos/GR3D 091614SSUV/Mesh/Materials/091614SSUV-diffuse.mat
  artifactKey: Guid(624198d06c4182247abf8c9430b61d84) Importer(815301076,1909f56bfc062723c751e8b465ee728b)
Start importing Assets/Autos/GR3D 091614SSUV/Mesh/Materials/091614SSUV-diffuse.mat using Guid(624198d06c4182247abf8c9430b61d84) Importer(815301076,1909f56bfc062723c751e8b465ee728b)  -> (artifact id: '5f49033c3f072abb0759157f75d94daf') in 0.008956 seconds 
========================================================================
Received Import Request.
  Time since last request: 0.000021 seconds.
  path: Assets/POLYGON city pack/Meshes,textures/props_FBX/Materials/a.mat
  artifactKey: Guid(fd2f827207f9bfb459c8553827d27121) Importer(815301076,1909f56bfc062723c751e8b465ee728b)
Start importing Assets/POLYGON city pack/Meshes,textures/props_FBX/Materials/a.mat using Guid(fd2f827207f9bfb459c8553827d27121) Importer(815301076,1909f56bfc062723c751e8b465ee728b)  -> (artifact id: '4af3cd34bed75041db787dc907919699') in 0.010028 seconds 
========================================================================
Received Import Request.
  Time since last request: 0.000027 seconds.
  path: Assets/RoadArchitect/Materials/FedSigns/396/950A.mat
  artifactKey: Guid(1efa62e8287a853409a66c3ebf09ef31) Importer(815301076,1909f56bfc062723c751e8b465ee728b)
Start importing Assets/RoadArchitect/Materials/FedSigns/396/950A.mat using Guid(1efa62e8287a853409a66c3ebf09ef31) Importer(815301076,1909f56bfc062723c751e8b465ee728b)  -> (artifact id: '34f4976d10b09efbf846609c80223b80') in 0.013081 seconds 
========================================================================
Received Import Request.
  Time since last request: 0.000014 seconds.
  path: Assets/Autos/GR3D 091614SSUV/Mesh/Materials/091614SSUV-reflective.mat
  artifactKey: Guid(e5b64d28bda0b3047859b208d937dfc7) Importer(815301076,1909f56bfc062723c751e8b465ee728b)
Start importing Assets/Autos/GR3D 091614SSUV/Mesh/Materials/091614SSUV-reflective.mat using Guid(e5b64d28bda0b3047859b208d937dfc7) Importer(815301076,1909f56bfc062723c751e8b465ee728b)  -> (artifact id: 'a997e99a5ecf699f4e1049409de540f8') in 0.008725 seconds 
========================================================================
Received Import Request.
  Time since last request: 0.000026 seconds.
  path: Assets/Autos/GR3D 091614SSUV/Mesh/Materials/091614SSUV-trims.mat
  artifactKey: Guid(b43c1cfdaf2dbec4eb92754cb8ac92a6) Importer(815301076,1909f56bfc062723c751e8b465ee728b)
Start importing Assets/Autos/GR3D 091614SSUV/Mesh/Materials/091614SSUV-trims.mat using Guid(b43c1cfdaf2dbec4eb92754cb8ac92a6) Importer(815301076,1909f56bfc062723c751e8b465ee728b)  -> (artifact id: '64f23c1eefa1b1c60f02638addb38db4') in 0.008555 seconds 
========================================================================
Received Import Request.
  Time since last request: 0.000024 seconds.
  path: Assets/Autos/GR3D 091614SSUV/Mesh/Materials/091614SSUV-brakelights.mat
  artifactKey: Guid(1f8e1506fb8d67942a26406dbaa7eded) Importer(815301076,1909f56bfc062723c751e8b465ee728b)
Start importing Assets/Autos/GR3D 091614SSUV/Mesh/Materials/091614SSUV-brakelights.mat using Guid(1f8e1506fb8d67942a26406dbaa7eded) Importer(815301076,1909f56bfc062723c751e8b465ee728b)  -> (artifact id: '747a4755533a180fb79d5075f6840bbd') in 0.008277 seconds 
========================================================================
Received Import Request.
  Time since last request: 17.217590 seconds.
  path: Assets/Autos/Finished Cars/Skoda_Octavia.prefab
  artifactKey: Guid(009ee35fcd4f2bd40aed8ad667939b91) Importer(815301076,1909f56bfc062723c751e8b465ee728b)
Start importing Assets/Autos/Finished Cars/Skoda_Octavia.prefab using Guid(009ee35fcd4f2bd40aed8ad667939b91) Importer(815301076,1909f56bfc062723c751e8b465ee728b)  -> (artifact id: '510cf5da4651bcbdb91f6d8a5bdc8eaf') in 0.019520 seconds 
========================================================================
Received Import Request.
  Time since last request: 0.000017 seconds.
  path: Assets/Autos/Finished Cars/Truck.prefab
  artifactKey: Guid(4511549e94532264b8e2ed0796505bb9) Importer(815301076,1909f56bfc062723c751e8b465ee728b)
Start importing Assets/Autos/Finished Cars/Truck.prefab using Guid(4511549e94532264b8e2ed0796505bb9) Importer(815301076,1909f56bfc062723c751e8b465ee728b)  -> (artifact id: 'dbe565f623ff644a8568771c9b009581') in 0.036958 seconds 
========================================================================
Received Import Request.
  Time since last request: 0.000018 seconds.
  path: Assets/Autos/Finished Cars/VW_T5_Multivan.prefab
  artifactKey: Guid(fe45988020020d640b95974044b9038f) Importer(815301076,1909f56bfc062723c751e8b465ee728b)
Start importing Assets/Autos/Finished Cars/VW_T5_Multivan.prefab using Guid(fe45988020020d640b95974044b9038f) Importer(815301076,1909f56bfc062723c751e8b465ee728b)  -> (artifact id: '84ec3a59c2c7b48311d2d943fede07e1') in 0.021834 seconds 
========================================================================
Received Import Request.
  Time since last request: 0.000034 seconds.
  path: Assets/Autos/Finished Cars/VW_Golf_VII.prefab
  artifactKey: Guid(4ab5c886220efa34c886a0fb7bce081e) Importer(815301076,1909f56bfc062723c751e8b465ee728b)
Start importing Assets/Autos/Finished Cars/VW_Golf_VII.prefab using Guid(4ab5c886220efa34c886a0fb7bce081e) Importer(815301076,1909f56bfc062723c751e8b465ee728b)  -> (artifact id: '18655382f2735a57c1c0e2acfc1efd1d') in 0.012771 seconds 
Editor requested this worker to shutdown with reason: Scaling down because of idle timeout
AssetImportWorker is now disconnected from the server
Process exiting
Exiting without the bug reporter. Application will terminate with return code 0