Using pre-set license
Built from '2021.3/staging' branch; Version is '2021.3.6f1 (7da38d85baf6) revision 8233869'; Using compiler version '192829333'; Build Type 'Release'
OS: 'Windows 10  (10.0.19045) 64bit Professional' Language: 'en' Physical Memory: 65164 MB
BatchMode: 1, IsHumanControllingUs: 0, StartBugReporterOnCrash: 0, Is64bit: 1, IsPro: 1

COMMAND LINE ARGUMENTS:
C:\Program Files\Unity\Hub\Editor\2021.3.6f1\Editor\Unity.exe
-adb2
-batchMode
-noUpm
-name
AssetImportWorker2
-projectPath
C:/Users/Ali.Brodeur/Desktop/VIEW/TRAFFIC - Copy
-logFile
Logs/AssetImportWorker2.log
-srvPort
55578
Successfully changed project path to: C:/Users/Ali.Brodeur/Desktop/VIEW/TRAFFIC - Copy
C:/Users/Ali.Brodeur/Desktop/VIEW/TRAFFIC - Copy
[UnityMemory] Configuration Parameters - Can be set up in boot.config
    "memorysetup-bucket-allocator-granularity=16"
    "memorysetup-bucket-allocator-bucket-count=8"
    "memorysetup-bucket-allocator-block-size=33554432"
    "memorysetup-bucket-allocator-block-count=8"
    "memorysetup-main-allocator-block-size=16777216"
    "memorysetup-thread-allocator-block-size=16777216"
    "memorysetup-gfx-main-allocator-block-size=16777216"
    "memorysetup-gfx-thread-allocator-block-size=16777216"
    "memorysetup-cache-allocator-block-size=4194304"
    "memorysetup-typetree-allocator-block-size=2097152"
    "memorysetup-profiler-bucket-allocator-granularity=16"
    "memorysetup-profiler-bucket-allocator-bucket-count=8"
    "memorysetup-profiler-bucket-allocator-block-size=33554432"
    "memorysetup-profiler-bucket-allocator-block-count=8"
    "memorysetup-profiler-allocator-block-size=16777216"
    "memorysetup-profiler-editor-allocator-block-size=1048576"
    "memorysetup-temp-allocator-size-main=16777216"
    "memorysetup-job-temp-allocator-block-size=2097152"
    "memorysetup-job-temp-allocator-block-size-background=1048576"
    "memorysetup-job-temp-allocator-reduction-small-platforms=262144"
    "memorysetup-temp-allocator-size-background-worker=32768"
    "memorysetup-temp-allocator-size-job-worker=262144"
    "memorysetup-temp-allocator-size-preload-manager=33554432"
    "memorysetup-temp-allocator-size-nav-mesh-worker=65536"
    "memorysetup-temp-allocator-size-audio-worker=65536"
    "memorysetup-temp-allocator-size-cloud-worker=32768"
    "memorysetup-temp-allocator-size-gi-baking-worker=262144"
    "memorysetup-temp-allocator-size-gfx=262144"
Refreshing native plugins compatible for Editor in 91.22 ms, found 3 plugins.
Preloading 0 native plugins for Editor in 0.00 ms.
Initialize engine version: 2021.3.6f1 (7da38d85baf6)
[Subsystems] Discovering subsystems at path C:/Program Files/Unity/Hub/Editor/2021.3.6f1/Editor/Data/Resources/UnitySubsystems
[Subsystems] Discovering subsystems at path C:/Users/Ali.Brodeur/Desktop/VIEW/TRAFFIC - Copy/Assets
GfxDevice: creating device client; threaded=0; jobified=0
Direct3D:
    Version:  Direct3D 11.0 [level 11.1]
    Renderer: NVIDIA Quadro RTX 5000 (ID=0x1eb5)
    Vendor:   NVIDIA
    VRAM:     16170 MB
    Driver:   27.21.14.6231
Initialize mono
Mono path[0] = 'C:/Program Files/Unity/Hub/Editor/2021.3.6f1/Editor/Data/Managed'
Mono path[1] = 'C:/Program Files/Unity/Hub/Editor/2021.3.6f1/Editor/Data/MonoBleedingEdge/lib/mono/unityjit-win32'
Mono config path = 'C:/Program Files/Unity/Hub/Editor/2021.3.6f1/Editor/Data/MonoBleedingEdge/etc'
Using monoOptions --debugger-agent=transport=dt_socket,embedding=1,server=y,suspend=n,address=127.0.0.1:56100
Begin MonoManager ReloadAssembly
Registering precompiled unity dll's ...
Register platform support module: C:/Program Files/Unity/Hub/Editor/2021.3.6f1/Editor/Data/PlaybackEngines/WindowsStandaloneSupport/UnityEditor.WindowsStandalone.Extensions.dll
Registered in 0.006727 seconds.
Native extension for WindowsStandalone target not found
Refreshing native plugins compatible for Editor in 95.74 ms, found 3 plugins.
Preloading 0 native plugins for Editor in 0.00 ms.
Mono: successfully reloaded assembly
- Completed reload, in  0.555 seconds
Domain Reload Profiling:
	ReloadAssembly (556ms)
		BeginReloadAssembly (60ms)
			ExecutionOrderSort (0ms)
			DisableScriptedObjects (0ms)
			BackupInstance (0ms)
			ReleaseScriptingObjects (0ms)
			CreateAndSetChildDomain (1ms)
		EndReloadAssembly (400ms)
			LoadAssemblies (58ms)
			RebuildTransferFunctionScriptingTraits (0ms)
			SetupTypeCache (87ms)
			ReleaseScriptCaches (0ms)
			RebuildScriptCaches (21ms)
			SetupLoadedEditorAssemblies (251ms)
				LogAssemblyErrors (0ms)
				InitializePlatformSupportModulesInManaged (6ms)
				SetLoadedEditorAssemblies (0ms)
				RefreshPlugins (96ms)
				BeforeProcessingInitializeOnLoad (1ms)
				ProcessInitializeOnLoadAttributes (111ms)
				ProcessInitializeOnLoadMethodAttributes (37ms)
				AfterProcessingInitializeOnLoad (0ms)
				EditorAssembliesLoaded (0ms)
			ExecutionOrderSort2 (0ms)
			AwakeInstancesAfterBackupRestoration (0ms)
Platform modules already initialized, skipping
Registering precompiled user dll's ...
Registered in 0.004875 seconds.
Begin MonoManager ReloadAssembly
Symbol file LoadedFromMemory doesn't match image C:\Users\Ali.Brodeur\Desktop\VIEW\TRAFFIC - Copy\Library\PackageCache\com.unity.visualscripting@1.7.8\Editor\VisualScripting.Core\Dependencies\YamlDotNet\Unity.VisualScripting.YamlDotNet.dll
Symbol file LoadedFromMemory doesn't match image C:\Users\Ali.Brodeur\Desktop\VIEW\TRAFFIC - Copy\Library\PackageCache\com.unity.visualscripting@1.7.8\Editor\VisualScripting.Core\Dependencies\DotNetZip\Unity.VisualScripting.IonicZip.dll
Native extension for WindowsStandalone target not found
Refreshing native plugins compatible for Editor in 86.13 ms, found 3 plugins.
Preloading 0 native plugins for Editor in 0.00 ms.
Mono: successfully reloaded assembly
- Completed reload, in  1.045 seconds
Domain Reload Profiling:
	ReloadAssembly (1045ms)
		BeginReloadAssembly (91ms)
			ExecutionOrderSort (0ms)
			DisableScriptedObjects (5ms)
			BackupInstance (0ms)
			ReleaseScriptingObjects (0ms)
			CreateAndSetChildDomain (15ms)
		EndReloadAssembly (855ms)
			LoadAssemblies (69ms)
			RebuildTransferFunctionScriptingTraits (0ms)
			SetupTypeCache (251ms)
			ReleaseScriptCaches (1ms)
			RebuildScriptCaches (47ms)
			SetupLoadedEditorAssemblies (441ms)
				LogAssemblyErrors (0ms)
				InitializePlatformSupportModulesInManaged (4ms)
				SetLoadedEditorAssemblies (0ms)
				RefreshPlugins (86ms)
				BeforeProcessingInitializeOnLoad (72ms)
				ProcessInitializeOnLoadAttributes (245ms)
				ProcessInitializeOnLoadMethodAttributes (25ms)
				AfterProcessingInitializeOnLoad (8ms)
				EditorAssembliesLoaded (0ms)
			ExecutionOrderSort2 (0ms)
			AwakeInstancesAfterBackupRestoration (7ms)
Platform modules already initialized, skipping
========================================================================
Worker process is ready to serve import requests
Launched and connected shader compiler UnityShaderCompiler.exe after 0.04 seconds
Refreshing native plugins compatible for Editor in 0.79 ms, found 3 plugins.
Preloading 0 native plugins for Editor in 0.00 ms.
Unloading 3652 Unused Serialized files (Serialized files now loaded: 0)
Unloading 48 unused Assets / (1.7 MB). Loaded Objects now: 4132.
Memory consumption went from 155.5 MB to 153.8 MB.
Total: 3.170000 ms (FindLiveObjects: 0.246400 ms CreateObjectMapping: 0.194500 ms MarkObjects: 2.394600 ms  DeleteObjects: 0.334100 ms)

AssetImportParameters requested are different than current active one (requested -> active):
  custom:video-decoder-ogg-theora: a1e56fd34408186e4bbccfd4996cb3dc -> 
  custom:container-muxer-webm: aa71ff27fc2769a1b78a27578f13a17b -> 
  custom:container-demuxer-webm: 4f35f7cbe854078d1ac9338744f61a02 -> 
  custom:video-encoder-webm-vp8: eb34c28f22e8b96e1ab97ce403110664 -> 
  custom:video-codec-MediaFoundation-h265: e54d7ab0439102e2317fc1e4b246158d -> 
  custom:audio-encoder-webm-vorbis: bf7c407c2cedff20999df2af8eb42d56 -> 
  custom:framework-win-MediaFoundation: 216162199b28c13a410421893ffa2e32 -> 
  custom:container-demuxer-ogg: 62fdf1f143b41e24485cea50d1cbac27 -> 
  custom:video-decoder-webm-vp8: 9c59270c3fd7afecdb556c50c9e8de78 -> 
  custom:audio-decoder-ogg-vorbis: bf7c407c2cedff20999df2af8eb42d56 -> 
========================================================================
Received Import Request.
  Time since last request: 16923.185084 seconds.
  path: Assets/RoadArchitect/Materials/FedSigns/330/2HoursParking.mat
  artifactKey: Guid(dc388b15217173b47997bd20069ddff4) Importer(815301076,1909f56bfc062723c751e8b465ee728b)
Start importing Assets/RoadArchitect/Materials/FedSigns/330/2HoursParking.mat using Guid(dc388b15217173b47997bd20069ddff4) Importer(815301076,1909f56bfc062723c751e8b465ee728b)  -> (artifact id: 'dc497a25a04bf84cbf8ff2c820f698c0') in 0.141265 seconds 
========================================================================
Received Import Request.
  Time since last request: 0.000020 seconds.
  path: Assets/Autos/GR3D 091614SSUV/Mesh/Materials/091614SSUV-glass.mat
  artifactKey: Guid(6e917d467c3b09746a659e38d97a719c) Importer(815301076,1909f56bfc062723c751e8b465ee728b)
Start importing Assets/Autos/GR3D 091614SSUV/Mesh/Materials/091614SSUV-glass.mat using Guid(6e917d467c3b09746a659e38d97a719c) Importer(815301076,1909f56bfc062723c751e8b465ee728b)  -> (artifact id: 'a03935cdf1b9a0a50383079036d8f420') in 0.009342 seconds 
========================================================================
Received Import Request.
  Time since last request: 0.000036 seconds.
  path: Assets/Autos/GR3D 091614SSUV/Mesh/Materials/091614SSUV-HD-wheelrim.mat
  artifactKey: Guid(8913d552e9b78584ba748e1bbeb371dd) Importer(815301076,1909f56bfc062723c751e8b465ee728b)
Start importing Assets/Autos/GR3D 091614SSUV/Mesh/Materials/091614SSUV-HD-wheelrim.mat using Guid(8913d552e9b78584ba748e1bbeb371dd) Importer(815301076,1909f56bfc062723c751e8b465ee728b)  -> (artifact id: 'd1f066848a665ec5a20e3e90fe28c5d3') in 0.011697 seconds 
========================================================================
Received Import Request.
  Time since last request: 0.000013 seconds.
  path: Assets/Autos/GR3D 091614SSUV/Mesh/Materials/091614SSUV-bodycolor.mat
  artifactKey: Guid(78a007a78eed7434fac282efe8dab243) Importer(815301076,1909f56bfc062723c751e8b465ee728b)
Start importing Assets/Autos/GR3D 091614SSUV/Mesh/Materials/091614SSUV-bodycolor.mat using Guid(78a007a78eed7434fac282efe8dab243) Importer(815301076,1909f56bfc062723c751e8b465ee728b)  -> (artifact id: 'c3444ffce73bb931d625c1fff1bc6937') in 0.007809 seconds 
========================================================================
Received Import Request.
  Time since last request: 0.000018 seconds.
  path: Assets/Autos/GR3D 091614SSUV/Mesh/Materials/091614SSUV-HD-wheeltyre.mat
  artifactKey: Guid(f6a32c70e125c334191e6422b9e0dcd8) Importer(815301076,1909f56bfc062723c751e8b465ee728b)
Start importing Assets/Autos/GR3D 091614SSUV/Mesh/Materials/091614SSUV-HD-wheeltyre.mat using Guid(f6a32c70e125c334191e6422b9e0dcd8) Importer(815301076,1909f56bfc062723c751e8b465ee728b)  -> (artifact id: '21ae849c3a1492ff2133abea13dd0ec3') in 0.010764 seconds 
========================================================================
Received Import Request.
  Time since last request: 0.000023 seconds.
  path: Assets/RoadArchitect/Materials/FedSigns/617/156.mat
  artifactKey: Guid(28c90d9247491cc48b46838ac8485c1d) Importer(815301076,1909f56bfc062723c751e8b465ee728b)
Start importing Assets/RoadArchitect/Materials/FedSigns/617/156.mat using Guid(28c90d9247491cc48b46838ac8485c1d) Importer(815301076,1909f56bfc062723c751e8b465ee728b)  -> (artifact id: 'df8479b641901703be3264d8ec15f15e') in 0.012496 seconds 
========================================================================
Received Import Request.
  Time since last request: 0.000018 seconds.
  path: Assets/Autos/GR3D 091614SSUV/Mesh/Materials/091614SSUV-interior.mat
  artifactKey: Guid(71dcf83cf90d055449b0d0d17c4b467e) Importer(815301076,1909f56bfc062723c751e8b465ee728b)
Start importing Assets/Autos/GR3D 091614SSUV/Mesh/Materials/091614SSUV-interior.mat using Guid(71dcf83cf90d055449b0d0d17c4b467e) Importer(815301076,1909f56bfc062723c751e8b465ee728b)  -> (artifact id: '75f4ff7442985ec82407734b177553fc') in 0.010301 seconds 
========================================================================
Received Import Request.
  Time since last request: 0.000016 seconds.
  path: Assets/RoadArchitect/Materials/FedSigns/617/122NJ.mat
  artifactKey: Guid(3d55551794f7db040af3802c24396d0b) Importer(815301076,1909f56bfc062723c751e8b465ee728b)
Start importing Assets/RoadArchitect/Materials/FedSigns/617/122NJ.mat using Guid(3d55551794f7db040af3802c24396d0b) Importer(815301076,1909f56bfc062723c751e8b465ee728b)  -> (artifact id: '7bc3d408322f4a7e9504c1a4181528bd') in 0.012570 seconds 
========================================================================
Received Import Request.
  Time since last request: 17.227219 seconds.
  path: Assets/Autos/Finished Cars/Renault_Clio.prefab
  artifactKey: Guid(f587015d2b7b93340b435dbbf8c3b51f) Importer(815301076,1909f56bfc062723c751e8b465ee728b)
Start importing Assets/Autos/Finished Cars/Renault_Clio.prefab using Guid(f587015d2b7b93340b435dbbf8c3b51f) Importer(815301076,1909f56bfc062723c751e8b465ee728b)  -> (artifact id: 'd6e4a65d5a86b5d01ee08fc052184113') in 0.034793 seconds 
========================================================================
Received Import Request.
  Time since last request: 0.000017 seconds.
  path: Assets/Autos/Finished Cars/Trailer.prefab
  artifactKey: Guid(03d98d8e77addbb4da624b012ec724cb) Importer(815301076,1909f56bfc062723c751e8b465ee728b)
Start importing Assets/Autos/Finished Cars/Trailer.prefab using Guid(03d98d8e77addbb4da624b012ec724cb) Importer(815301076,1909f56bfc062723c751e8b465ee728b)  -> (artifact id: '5e28d30e12cf2a48eeb2d959532667bc') in 0.040282 seconds 
========================================================================
Received Import Request.
  Time since last request: 0.000026 seconds.
  path: Assets/Autos/Finished Cars/Tocus.prefab
  artifactKey: Guid(f2b51702f66bb014b93adc4f89ccd2e5) Importer(815301076,1909f56bfc062723c751e8b465ee728b)
Start importing Assets/Autos/Finished Cars/Tocus.prefab using Guid(f2b51702f66bb014b93adc4f89ccd2e5) Importer(815301076,1909f56bfc062723c751e8b465ee728b)  -> (artifact id: 'c20a70f919a0afc09686e77c06311a20') in 0.026489 seconds 
Editor requested this worker to shutdown with reason: Scaling down because of idle timeout
AssetImportWorker is now disconnected from the server
Process exiting
Exiting without the bug reporter. Application will terminate with return code 0