Using pre-set license
Built from '2021.3/staging' branch; Version is '2021.3.6f1 (7da38d85baf6) revision 8233869'; Using compiler version '192829333'; Build Type 'Release'
OS: 'Windows 10  (10.0.19045) 64bit Professional' Language: 'en' Physical Memory: 65164 MB
BatchMode: 1, IsHumanControllingUs: 0, StartBugReporterOnCrash: 0, Is64bit: 1, IsPro: 1

COMMAND LINE ARGUMENTS:
C:\Program Files\Unity\Hub\Editor\2021.3.6f1\Editor\Unity.exe
-adb2
-batchMode
-noUpm
-name
AssetImportWorker4
-projectPath
C:/Users/Ali.Brodeur/Desktop/VIEW/TRAFFIC - Copy
-logFile
Logs/AssetImportWorker4.log
-srvPort
55578
Successfully changed project path to: C:/Users/Ali.Brodeur/Desktop/VIEW/TRAFFIC - Copy
C:/Users/Ali.Brodeur/Desktop/VIEW/TRAFFIC - Copy
[UnityMemory] Configuration Parameters - Can be set up in boot.config
    "memorysetup-bucket-allocator-granularity=16"
    "memorysetup-bucket-allocator-bucket-count=8"
    "memorysetup-bucket-allocator-block-size=33554432"
    "memorysetup-bucket-allocator-block-count=8"
    "memorysetup-main-allocator-block-size=16777216"
    "memorysetup-thread-allocator-block-size=16777216"
    "memorysetup-gfx-main-allocator-block-size=16777216"
    "memorysetup-gfx-thread-allocator-block-size=16777216"
    "memorysetup-cache-allocator-block-size=4194304"
    "memorysetup-typetree-allocator-block-size=2097152"
    "memorysetup-profiler-bucket-allocator-granularity=16"
    "memorysetup-profiler-bucket-allocator-bucket-count=8"
    "memorysetup-profiler-bucket-allocator-block-size=33554432"
    "memorysetup-profiler-bucket-allocator-block-count=8"
    "memorysetup-profiler-allocator-block-size=16777216"
    "memorysetup-profiler-editor-allocator-block-size=1048576"
    "memorysetup-temp-allocator-size-main=16777216"
    "memorysetup-job-temp-allocator-block-size=2097152"
    "memorysetup-job-temp-allocator-block-size-background=1048576"
    "memorysetup-job-temp-allocator-reduction-small-platforms=262144"
    "memorysetup-temp-allocator-size-background-worker=32768"
    "memorysetup-temp-allocator-size-job-worker=262144"
    "memorysetup-temp-allocator-size-preload-manager=33554432"
    "memorysetup-temp-allocator-size-nav-mesh-worker=65536"
    "memorysetup-temp-allocator-size-audio-worker=65536"
    "memorysetup-temp-allocator-size-cloud-worker=32768"
    "memorysetup-temp-allocator-size-gi-baking-worker=262144"
    "memorysetup-temp-allocator-size-gfx=262144"
Refreshing native plugins compatible for Editor in 100.66 ms, found 3 plugins.
Preloading 0 native plugins for Editor in 0.00 ms.
Initialize engine version: 2021.3.6f1 (7da38d85baf6)
[Subsystems] Discovering subsystems at path C:/Program Files/Unity/Hub/Editor/2021.3.6f1/Editor/Data/Resources/UnitySubsystems
[Subsystems] Discovering subsystems at path C:/Users/Ali.Brodeur/Desktop/VIEW/TRAFFIC - Copy/Assets
GfxDevice: creating device client; threaded=0; jobified=0
Direct3D:
    Version:  Direct3D 11.0 [level 11.1]
    Renderer: NVIDIA Quadro RTX 5000 (ID=0x1eb5)
    Vendor:   NVIDIA
    VRAM:     16170 MB
    Driver:   27.21.14.6231
Initialize mono
Mono path[0] = 'C:/Program Files/Unity/Hub/Editor/2021.3.6f1/Editor/Data/Managed'
Mono path[1] = 'C:/Program Files/Unity/Hub/Editor/2021.3.6f1/Editor/Data/MonoBleedingEdge/lib/mono/unityjit-win32'
Mono config path = 'C:/Program Files/Unity/Hub/Editor/2021.3.6f1/Editor/Data/MonoBleedingEdge/etc'
Using monoOptions --debugger-agent=transport=dt_socket,embedding=1,server=y,suspend=n,address=127.0.0.1:56312
Begin MonoManager ReloadAssembly
Registering precompiled unity dll's ...
Register platform support module: C:/Program Files/Unity/Hub/Editor/2021.3.6f1/Editor/Data/PlaybackEngines/WindowsStandaloneSupport/UnityEditor.WindowsStandalone.Extensions.dll
Registered in 0.006233 seconds.
Native extension for WindowsStandalone target not found
Refreshing native plugins compatible for Editor in 87.74 ms, found 3 plugins.
Preloading 0 native plugins for Editor in 0.00 ms.
Mono: successfully reloaded assembly
- Completed reload, in  0.562 seconds
Domain Reload Profiling:
	ReloadAssembly (563ms)
		BeginReloadAssembly (61ms)
			ExecutionOrderSort (0ms)
			DisableScriptedObjects (0ms)
			BackupInstance (0ms)
			ReleaseScriptingObjects (0ms)
			CreateAndSetChildDomain (1ms)
		EndReloadAssembly (407ms)
			LoadAssemblies (58ms)
			RebuildTransferFunctionScriptingTraits (0ms)
			SetupTypeCache (84ms)
			ReleaseScriptCaches (0ms)
			RebuildScriptCaches (21ms)
			SetupLoadedEditorAssemblies (259ms)
				LogAssemblyErrors (0ms)
				InitializePlatformSupportModulesInManaged (7ms)
				SetLoadedEditorAssemblies (0ms)
				RefreshPlugins (88ms)
				BeforeProcessingInitializeOnLoad (1ms)
				ProcessInitializeOnLoadAttributes (121ms)
				ProcessInitializeOnLoadMethodAttributes (42ms)
				AfterProcessingInitializeOnLoad (0ms)
				EditorAssembliesLoaded (0ms)
			ExecutionOrderSort2 (0ms)
			AwakeInstancesAfterBackupRestoration (0ms)
Platform modules already initialized, skipping
Registering precompiled user dll's ...
Registered in 0.005441 seconds.
Begin MonoManager ReloadAssembly
Symbol file LoadedFromMemory doesn't match image C:\Users\Ali.Brodeur\Desktop\VIEW\TRAFFIC - Copy\Library\PackageCache\com.unity.visualscripting@1.7.8\Editor\VisualScripting.Core\Dependencies\YamlDotNet\Unity.VisualScripting.YamlDotNet.dll
Symbol file LoadedFromMemory doesn't match image C:\Users\Ali.Brodeur\Desktop\VIEW\TRAFFIC - Copy\Library\PackageCache\com.unity.visualscripting@1.7.8\Editor\VisualScripting.Core\Dependencies\DotNetZip\Unity.VisualScripting.IonicZip.dll
Native extension for WindowsStandalone target not found
Refreshing native plugins compatible for Editor in 85.30 ms, found 3 plugins.
Preloading 0 native plugins for Editor in 0.00 ms.
Mono: successfully reloaded assembly
- Completed reload, in  0.998 seconds
Domain Reload Profiling:
	ReloadAssembly (999ms)
		BeginReloadAssembly (85ms)
			ExecutionOrderSort (0ms)
			DisableScriptedObjects (5ms)
			BackupInstance (0ms)
			ReleaseScriptingObjects (0ms)
			CreateAndSetChildDomain (14ms)
		EndReloadAssembly (818ms)
			LoadAssemblies (61ms)
			RebuildTransferFunctionScriptingTraits (0ms)
			SetupTypeCache (227ms)
			ReleaseScriptCaches (1ms)
			RebuildScriptCaches (42ms)
			SetupLoadedEditorAssemblies (449ms)
				LogAssemblyErrors (0ms)
				InitializePlatformSupportModulesInManaged (4ms)
				SetLoadedEditorAssemblies (0ms)
				RefreshPlugins (85ms)
				BeforeProcessingInitializeOnLoad (73ms)
				ProcessInitializeOnLoadAttributes (255ms)
				ProcessInitializeOnLoadMethodAttributes (22ms)
				AfterProcessingInitializeOnLoad (9ms)
				EditorAssembliesLoaded (0ms)
			ExecutionOrderSort2 (0ms)
			AwakeInstancesAfterBackupRestoration (6ms)
Platform modules already initialized, skipping
========================================================================
Worker process is ready to serve import requests
Launched and connected shader compiler UnityShaderCompiler.exe after 0.03 seconds
Refreshing native plugins compatible for Editor in 0.79 ms, found 3 plugins.
Preloading 0 native plugins for Editor in 0.00 ms.
Unloading 3652 Unused Serialized files (Serialized files now loaded: 0)
Unloading 48 unused Assets / (1.7 MB). Loaded Objects now: 4132.
Memory consumption went from 155.5 MB to 153.8 MB.
Total: 3.272000 ms (FindLiveObjects: 0.258600 ms CreateObjectMapping: 0.199100 ms MarkObjects: 2.490800 ms  DeleteObjects: 0.322800 ms)

AssetImportParameters requested are different than current active one (requested -> active):
  custom:video-decoder-ogg-theora: a1e56fd34408186e4bbccfd4996cb3dc -> 
  custom:container-muxer-webm: aa71ff27fc2769a1b78a27578f13a17b -> 
  custom:container-demuxer-webm: 4f35f7cbe854078d1ac9338744f61a02 -> 
  custom:video-encoder-webm-vp8: eb34c28f22e8b96e1ab97ce403110664 -> 
  custom:video-codec-MediaFoundation-h265: e54d7ab0439102e2317fc1e4b246158d -> 
  custom:audio-encoder-webm-vorbis: bf7c407c2cedff20999df2af8eb42d56 -> 
  custom:framework-win-MediaFoundation: 216162199b28c13a410421893ffa2e32 -> 
  custom:container-demuxer-ogg: 62fdf1f143b41e24485cea50d1cbac27 -> 
  custom:video-decoder-webm-vp8: 9c59270c3fd7afecdb556c50c9e8de78 -> 
  custom:audio-decoder-ogg-vorbis: bf7c407c2cedff20999df2af8eb42d56 -> 
========================================================================
Received Import Request.
  Time since last request: 16939.621565 seconds.
  path: Assets/Autos/Finished Cars
  artifactKey: Guid(bceef101046b67541a74a2416194dff6) Importer(815301076,1909f56bfc062723c751e8b465ee728b)
Start importing Assets/Autos/Finished Cars using Guid(bceef101046b67541a74a2416194dff6) Importer(815301076,1909f56bfc062723c751e8b465ee728b)  -> (artifact id: '0167bdf125e69e30ae14107913b515dc') in 0.008429 seconds 
========================================================================
Received Import Request.
  Time since last request: 1.038709 seconds.
  path: Assets/Autos/Finished Cars/Generic_Car.prefab
  artifactKey: Guid(c353fb0d5994c6f4f94ba4b5d8e9347f) Importer(815301076,1909f56bfc062723c751e8b465ee728b)
Start importing Assets/Autos/Finished Cars/Generic_Car.prefab using Guid(c353fb0d5994c6f4f94ba4b5d8e9347f) Importer(815301076,1909f56bfc062723c751e8b465ee728b)  -> (artifact id: 'f003712a35096e58ad1c431507079599') in 0.246559 seconds 
========================================================================
Received Import Request.
  Time since last request: 216.888331 seconds.
  path: Assets/Understone/Free Bike Pack/Models/BMXBikeE.fbx
  artifactKey: Guid(767ba1d9ec0c49543818dd53c9457228) Importer(815301076,1909f56bfc062723c751e8b465ee728b)
Start importing Assets/Understone/Free Bike Pack/Models/BMXBikeE.fbx using Guid(767ba1d9ec0c49543818dd53c9457228) Importer(815301076,1909f56bfc062723c751e8b465ee728b)  -> (artifact id: '89be8ef4cd3bf9bf64a852accbd4a581') in 0.128823 seconds 
========================================================================
Received Import Request.
  Time since last request: 0.007155 seconds.
  path: Assets/RoadArchitect/Mesh/Railing/Railing2.FBX
  artifactKey: Guid(c7a6fbd7c39f69145870a6fa88da376e) Importer(815301076,1909f56bfc062723c751e8b465ee728b)
Start importing Assets/RoadArchitect/Mesh/Railing/Railing2.FBX using Guid(c7a6fbd7c39f69145870a6fa88da376e) Importer(815301076,1909f56bfc062723c751e8b465ee728b)  -> (artifact id: 'dc76ffe26c6c18604da2c769302ca0fe') in 0.023727 seconds 
========================================================================
Received Import Request.
  Time since last request: 0.000023 seconds.
  path: Assets/Understone/Free Bike Pack/Models/RedLine.fbx
  artifactKey: Guid(9bdd973f499a47a4f84b1f27f912ae43) Importer(815301076,1909f56bfc062723c751e8b465ee728b)
Start importing Assets/Understone/Free Bike Pack/Models/RedLine.fbx using Guid(9bdd973f499a47a4f84b1f27f912ae43) Importer(815301076,1909f56bfc062723c751e8b465ee728b)  -> (artifact id: '865d3e23dc8c85154d0605f2ac4ba596') in 0.015118 seconds 
========================================================================
Received Import Request.
  Time since last request: 0.000022 seconds.
  path: Assets/POLYGON city pack/Meshes,textures/Shops_FBX/Shop_A.fbx
  artifactKey: Guid(10a5393e74b9d5b418cf96bdbb0aaed1) Importer(815301076,1909f56bfc062723c751e8b465ee728b)
Start importing Assets/POLYGON city pack/Meshes,textures/Shops_FBX/Shop_A.fbx using Guid(10a5393e74b9d5b418cf96bdbb0aaed1) Importer(815301076,1909f56bfc062723c751e8b465ee728b)  -> (artifact id: '653b09c0562a449ec12558db30aaf811') in 0.030759 seconds 
========================================================================
Received Import Request.
  Time since last request: 0.000027 seconds.
  path: Assets/RoadArchitect/Mesh/Railing/Railing4Length20m.FBX
  artifactKey: Guid(8f07267498939e34d883ab08986f4407) Importer(815301076,1909f56bfc062723c751e8b465ee728b)
Start importing Assets/RoadArchitect/Mesh/Railing/Railing4Length20m.FBX using Guid(8f07267498939e34d883ab08986f4407) Importer(815301076,1909f56bfc062723c751e8b465ee728b)  -> (artifact id: 'f768b507737ad020b7a09b9acbc96dff') in 0.016128 seconds 
========================================================================
Received Import Request.
  Time since last request: 0.000017 seconds.
  path: Assets/RoadArchitect/Mesh/Railing/Railing4Light1Length20m.FBX
  artifactKey: Guid(6f713ea8d0f92fa429f3f0084613c51c) Importer(815301076,1909f56bfc062723c751e8b465ee728b)
Start importing Assets/RoadArchitect/Mesh/Railing/Railing4Light1Length20m.FBX using Guid(6f713ea8d0f92fa429f3f0084613c51c) Importer(815301076,1909f56bfc062723c751e8b465ee728b)  -> (artifact id: 'bf32704834ce65a57248a7bcec179ef8') in 0.015145 seconds 
========================================================================
Received Import Request.
  Time since last request: 0.000018 seconds.
  path: Assets/RoadArchitect/Mesh/Railing/Railing4Light1.FBX
  artifactKey: Guid(628299d66a869f84b9202204a2eab242) Importer(815301076,1909f56bfc062723c751e8b465ee728b)
Start importing Assets/RoadArchitect/Mesh/Railing/Railing4Light1.FBX using Guid(628299d66a869f84b9202204a2eab242) Importer(815301076,1909f56bfc062723c751e8b465ee728b)  -> (artifact id: 'd4ab0b8c309a519c4bec9d634f22428f') in 0.013881 seconds 
========================================================================
Received Import Request.
  Time since last request: 0.000020 seconds.
  path: Assets/RoadArchitect/Mesh/Railing/Railing4.FBX
  artifactKey: Guid(4eda69fdcfd8147479a6fc343fb8c65b) Importer(815301076,1909f56bfc062723c751e8b465ee728b)
Start importing Assets/RoadArchitect/Mesh/Railing/Railing4.FBX using Guid(4eda69fdcfd8147479a6fc343fb8c65b) Importer(815301076,1909f56bfc062723c751e8b465ee728b)  -> (artifact id: '27b107211f9076253b20c2f9f695bd4e') in 0.014874 seconds 
========================================================================
Received Import Request.
  Time since last request: 0.000022 seconds.
  path: Assets/RoadArchitect/Mesh/Railing/Railing7Length10m.FBX
  artifactKey: Guid(51248b94fb46d7d49868fae39fba3ee3) Importer(815301076,1909f56bfc062723c751e8b465ee728b)
Start importing Assets/RoadArchitect/Mesh/Railing/Railing7Length10m.FBX using Guid(51248b94fb46d7d49868fae39fba3ee3) Importer(815301076,1909f56bfc062723c751e8b465ee728b)  -> (artifact id: '0a49b0615a669cd9ab93e7b86d57e0e0') in 0.014640 seconds 
========================================================================
Received Import Request.
  Time since last request: 0.000017 seconds.
  path: Assets/RoadArchitect/Mesh/Railing/Railing3Light20m.FBX
  artifactKey: Guid(9c7d9d2f80573d44ea1073c16b37f761) Importer(815301076,1909f56bfc062723c751e8b465ee728b)
Start importing Assets/RoadArchitect/Mesh/Railing/Railing3Light20m.FBX using Guid(9c7d9d2f80573d44ea1073c16b37f761) Importer(815301076,1909f56bfc062723c751e8b465ee728b)  -> (artifact id: '32afea261394d6d22df7e8a6db87429e') in 0.013521 seconds 
========================================================================
Received Import Request.
  Time since last request: 0.000017 seconds.
  path: Assets/RoadArchitect/Mesh/Railing/Railing6Single20M.FBX
  artifactKey: Guid(18325a9c15f049d44836986109eeb5c9) Importer(815301076,1909f56bfc062723c751e8b465ee728b)
Start importing Assets/RoadArchitect/Mesh/Railing/Railing6Single20M.FBX using Guid(18325a9c15f049d44836986109eeb5c9) Importer(815301076,1909f56bfc062723c751e8b465ee728b)  -> (artifact id: '340fa826ccf59795d768260264092630') in 0.014942 seconds 
Editor requested this worker to shutdown with reason: Scaling down because of idle timeout
AssetImportWorker is now disconnected from the server
Process exiting
Exiting without the bug reporter. Application will terminate with return code 0